<?xml version="1.0" encoding="UTF-8"?>
<testng-results ignored="0" total="4" passed="3" failed="1" skipped="0">
  <reporter-output>
  </reporter-output>
  <suite started-at="2022-12-16T10:46:26 IST" name="Suite" finished-at="2022-12-16T10:47:51 IST" duration-ms="84864">
    <groups>
    </groups>
    <test started-at="2022-12-16T10:46:26 IST" name="Test" finished-at="2022-12-16T10:47:51 IST" duration-ms="84864">
      <class name="com.tourism.UserBookTourpackageTest">
        <test-method is-config="true" signature="Test1()[pri:0, instance:com.tourism.UserBookTourpackageTest@4d5650ae]" started-at="2022-12-16T10:46:32 IST" name="Test1" finished-at="2022-12-16T10:46:33 IST" duration-ms="1447" status="PASS">
          <reporter-output>
          </reporter-output>
        </test-method> <!-- Test1 -->
        <test-method is-config="true" signature="test1()[pri:0, instance:com.tourism.UserBookTourpackageTest@4d5650ae]" started-at="2022-12-16T10:46:33 IST" name="test1" finished-at="2022-12-16T10:46:33 IST" duration-ms="0" status="PASS">
          <reporter-output>
          </reporter-output>
        </test-method> <!-- test1 -->
        <test-method signature="main()[pri:0, instance:com.tourism.UserBookTourpackageTest@4d5650ae]" started-at="2022-12-16T10:46:33 IST" name="main" finished-at="2022-12-16T10:46:38 IST" duration-ms="5400" status="PASS">
          <reporter-output>
          </reporter-output>
        </test-method> <!-- main -->
        <test-method is-config="true" signature="methodTearSetup()[pri:0, instance:com.tourism.UserBookTourpackageTest@4d5650ae]" started-at="2022-12-16T10:46:38 IST" name="methodTearSetup" finished-at="2022-12-16T10:46:38 IST" duration-ms="0" status="PASS">
          <reporter-output>
          </reporter-output>
        </test-method> <!-- methodTearSetup -->
        <test-method is-config="true" signature="classTearSetup()[pri:0, instance:com.tourism.UserBookTourpackageTest@4d5650ae]" started-at="2022-12-16T10:46:38 IST" name="classTearSetup" finished-at="2022-12-16T10:46:39 IST" duration-ms="140" status="PASS">
          <reporter-output>
          </reporter-output>
        </test-method> <!-- classTearSetup -->
      </class> <!-- com.tourism.UserBookTourpackageTest -->
      <class name="com.tourism.AdminManageBookinTest">
        <test-method is-config="true" signature="Test1()[pri:0, instance:com.tourism.AdminManageBookinTest@a38c7fe]" started-at="2022-12-16T10:46:39 IST" name="Test1" finished-at="2022-12-16T10:46:40 IST" duration-ms="1305" status="PASS">
          <reporter-output>
          </reporter-output>
        </test-method> <!-- Test1 -->
        <test-method is-config="true" signature="test1()[pri:0, instance:com.tourism.AdminManageBookinTest@a38c7fe]" started-at="2022-12-16T10:46:40 IST" name="test1" finished-at="2022-12-16T10:46:40 IST" duration-ms="0" status="PASS">
          <reporter-output>
          </reporter-output>
        </test-method> <!-- test1 -->
        <test-method signature="main()[pri:0, instance:com.tourism.AdminManageBookinTest@a38c7fe]" started-at="2022-12-16T10:46:40 IST" name="main" finished-at="2022-12-16T10:46:51 IST" duration-ms="10818" status="FAIL">
          <exception class="org.openqa.selenium.NoSuchElementException">
            <message>
              <![CDATA[no such element: Unable to locate element: {"method":"xpath","selector":"//span[.='#BK-14']/../following-sibling::td[8]/span/a[2]"}
  (Session info: chrome=108.0.5359.124)
For documentation on this error, please visit: https://selenium.dev/exceptions/#no_such_element
Build info: version: '4.0.0', revision: '3a21814679'
System info: host: 'LAPTOP-RA9HQBVV', ip: '192.168.0.101', os.name: 'Windows 10', os.arch: 'amd64', os.version: '10.0', java.version: '16.0.1'
Driver info: org.openqa.selenium.chrome.ChromeDriver
Command: [4d09a5eb77224e2f493393767a6faf56, findElement {using=xpath, value=//span[.='#BK-14']/../following-sibling::td[8]/span/a[2]}]
Capabilities {acceptInsecureCerts: false, browserName: chrome, browserVersion: 108.0.5359.124, chrome: {chromedriverVersion: 108.0.5359.22 (ec46c90f5938..., userDataDir: C:\Users\ANUSHA~1\AppData\L...}, goog:chromeOptions: {debuggerAddress: localhost:53294}, javascriptEnabled: true, networkConnectionEnabled: false, pageLoadStrategy: normal, platform: WINDOWS, platformName: WINDOWS, proxy: Proxy(), se:cdp: ws://localhost:53294/devtoo..., se:cdpVersion: 108.0.5359.124, setWindowRect: true, strictFileInteractability: false, timeouts: {implicit: 0, pageLoad: 300000, script: 30000}, unhandledPromptBehavior: dismiss and notify, webauthn:extension:credBlob: true, webauthn:extension:largeBlob: true, webauthn:virtualAuthenticators: true}
Session ID: 4d09a5eb77224e2f493393767a6faf56]]>
            </message>
            <full-stacktrace>
              <![CDATA[org.openqa.selenium.NoSuchElementException: no such element: Unable to locate element: {"method":"xpath","selector":"//span[.='#BK-14']/../following-sibling::td[8]/span/a[2]"}
  (Session info: chrome=108.0.5359.124)
For documentation on this error, please visit: https://selenium.dev/exceptions/#no_such_element
Build info: version: '4.0.0', revision: '3a21814679'
System info: host: 'LAPTOP-RA9HQBVV', ip: '192.168.0.101', os.name: 'Windows 10', os.arch: 'amd64', os.version: '10.0', java.version: '16.0.1'
Driver info: org.openqa.selenium.chrome.ChromeDriver
Command: [4d09a5eb77224e2f493393767a6faf56, findElement {using=xpath, value=//span[.='#BK-14']/../following-sibling::td[8]/span/a[2]}]
Capabilities {acceptInsecureCerts: false, browserName: chrome, browserVersion: 108.0.5359.124, chrome: {chromedriverVersion: 108.0.5359.22 (ec46c90f5938..., userDataDir: C:\Users\ANUSHA~1\AppData\L...}, goog:chromeOptions: {debuggerAddress: localhost:53294}, javascriptEnabled: true, networkConnectionEnabled: false, pageLoadStrategy: normal, platform: WINDOWS, platformName: WINDOWS, proxy: Proxy(), se:cdp: ws://localhost:53294/devtoo..., se:cdpVersion: 108.0.5359.124, setWindowRect: true, strictFileInteractability: false, timeouts: {implicit: 0, pageLoad: 300000, script: 30000}, unhandledPromptBehavior: dismiss and notify, webauthn:extension:credBlob: true, webauthn:extension:largeBlob: true, webauthn:virtualAuthenticators: true}
Session ID: 4d09a5eb77224e2f493393767a6faf56
at java.base/jdk.internal.reflect.NativeConstructorAccessorImpl.newInstance0(Native Method)
at java.base/jdk.internal.reflect.NativeConstructorAccessorImpl.newInstance(NativeConstructorAccessorImpl.java:78)
at java.base/jdk.internal.reflect.DelegatingConstructorAccessorImpl.newInstance(DelegatingConstructorAccessorImpl.java:45)
at java.base/java.lang.reflect.Constructor.newInstanceWithCaller(Constructor.java:499)
at java.base/java.lang.reflect.Constructor.newInstance(Constructor.java:480)
at org.openqa.selenium.remote.codec.w3c.W3CHttpResponseCodec.createException(W3CHttpResponseCodec.java:200)
at org.openqa.selenium.remote.codec.w3c.W3CHttpResponseCodec.decode(W3CHttpResponseCodec.java:133)
at org.openqa.selenium.remote.codec.w3c.W3CHttpResponseCodec.decode(W3CHttpResponseCodec.java:53)
at org.openqa.selenium.remote.HttpCommandExecutor.execute(HttpCommandExecutor.java:184)
at org.openqa.selenium.remote.service.DriverCommandExecutor.invokeExecute(DriverCommandExecutor.java:164)
at org.openqa.selenium.remote.service.DriverCommandExecutor.execute(DriverCommandExecutor.java:139)
at org.openqa.selenium.remote.RemoteWebDriver.execute(RemoteWebDriver.java:559)
at org.openqa.selenium.remote.ElementLocation$ElementFinder$2.findElement(ElementLocation.java:162)
at org.openqa.selenium.remote.ElementLocation.findElement(ElementLocation.java:60)
at org.openqa.selenium.remote.RemoteWebDriver.findElement(RemoteWebDriver.java:383)
at org.openqa.selenium.remote.RemoteWebDriver.findElement(RemoteWebDriver.java:375)
at com.worldtravel.objectRepository.AdminManageBookingPage.clickOnConfirmButton(AdminManageBookingPage.java:65)
at com.tourism.AdminManageBookinTest.main(AdminManageBookinTest.java:49)
at java.base/jdk.internal.reflect.NativeMethodAccessorImpl.invoke0(Native Method)
at java.base/jdk.internal.reflect.NativeMethodAccessorImpl.invoke(NativeMethodAccessorImpl.java:78)
at java.base/jdk.internal.reflect.DelegatingMethodAccessorImpl.invoke(DelegatingMethodAccessorImpl.java:43)
at java.base/java.lang.reflect.Method.invoke(Method.java:567)
at org.testng.internal.MethodInvocationHelper.invokeMethod(MethodInvocationHelper.java:133)
at org.testng.internal.TestInvoker.invokeMethod(TestInvoker.java:598)
at org.testng.internal.TestInvoker.invokeTestMethod(TestInvoker.java:173)
at org.testng.internal.MethodRunner.runInSequence(MethodRunner.java:46)
at org.testng.internal.TestInvoker$MethodInvocationAgent.invoke(TestInvoker.java:824)
at org.testng.internal.TestInvoker.invokeTestMethods(TestInvoker.java:146)
at org.testng.internal.TestMethodWorker.invokeTestMethods(TestMethodWorker.java:146)
at org.testng.internal.TestMethodWorker.run(TestMethodWorker.java:128)
at java.base/java.util.ArrayList.forEach(ArrayList.java:1511)
at org.testng.TestRunner.privateRun(TestRunner.java:794)
at org.testng.TestRunner.run(TestRunner.java:596)
at org.testng.SuiteRunner.runTest(SuiteRunner.java:377)
at org.testng.SuiteRunner.access$000(SuiteRunner.java:28)
at org.testng.SuiteRunner$SuiteWorker.run(SuiteRunner.java:418)
at org.testng.internal.thread.ThreadUtil.lambda$execute$0(ThreadUtil.java:64)
at java.base/java.util.concurrent.FutureTask.run(FutureTask.java:264)
at java.base/java.util.concurrent.ThreadPoolExecutor.runWorker(ThreadPoolExecutor.java:1130)
at java.base/java.util.concurrent.ThreadPoolExecutor$Worker.run(ThreadPoolExecutor.java:630)
at java.base/java.lang.Thread.run(Thread.java:831)
]]>
            </full-stacktrace>
          </exception> <!-- org.openqa.selenium.NoSuchElementException -->
          <reporter-output>
          </reporter-output>
        </test-method> <!-- main -->
        <test-method is-config="true" signature="classTearSetup()[pri:0, instance:com.tourism.AdminManageBookinTest@a38c7fe]" started-at="2022-12-16T10:46:51 IST" name="classTearSetup" finished-at="2022-12-16T10:46:51 IST" duration-ms="153" status="PASS">
          <reporter-output>
          </reporter-output>
        </test-method> <!-- classTearSetup -->
        <test-method is-config="true" signature="methodTearSetup()[pri:0, instance:com.tourism.AdminManageBookinTest@a38c7fe]" started-at="2022-12-16T10:46:51 IST" name="methodTearSetup" finished-at="2022-12-16T10:46:51 IST" duration-ms="0" status="PASS">
          <reporter-output>
          </reporter-output>
        </test-method> <!-- methodTearSetup -->
      </class> <!-- com.tourism.AdminManageBookinTest -->
      <class name="com.tourism.CancelmyTourTest">
        <test-method is-config="true" signature="Test1()[pri:0, instance:com.tourism.CancelmyTourTest@4f80542f]" started-at="2022-12-16T10:46:27 IST" name="Test1" finished-at="2022-12-16T10:46:29 IST" duration-ms="2850" status="PASS">
          <reporter-output>
          </reporter-output>
        </test-method> <!-- Test1 -->
        <test-method is-config="true" signature="test1()[pri:0, instance:com.tourism.CancelmyTourTest@4f80542f]" started-at="2022-12-16T10:46:29 IST" name="test1" finished-at="2022-12-16T10:46:29 IST" duration-ms="21" status="PASS">
          <reporter-output>
          </reporter-output>
        </test-method> <!-- test1 -->
        <test-method signature="main()[pri:0, instance:com.tourism.CancelmyTourTest@4f80542f]" started-at="2022-12-16T10:46:29 IST" name="main" finished-at="2022-12-16T10:46:31 IST" duration-ms="1878" status="PASS">
          <reporter-output>
          </reporter-output>
        </test-method> <!-- main -->
        <test-method is-config="true" signature="methodTearSetup()[pri:0, instance:com.tourism.CancelmyTourTest@4f80542f]" started-at="2022-12-16T10:46:31 IST" name="methodTearSetup" finished-at="2022-12-16T10:46:31 IST" duration-ms="0" status="PASS">
          <reporter-output>
          </reporter-output>
        </test-method> <!-- methodTearSetup -->
        <test-method is-config="true" signature="classTearSetup()[pri:0, instance:com.tourism.CancelmyTourTest@4f80542f]" started-at="2022-12-16T10:46:31 IST" name="classTearSetup" finished-at="2022-12-16T10:46:32 IST" duration-ms="189" status="PASS">
          <reporter-output>
          </reporter-output>
        </test-method> <!-- classTearSetup -->
      </class> <!-- com.tourism.CancelmyTourTest -->
      <class name="com.tourism.CreateTourpackageTest">
        <test-method is-config="true" signature="Test1()[pri:0, instance:com.tourism.CreateTourpackageTest@6fdbe764]" started-at="2022-12-16T10:46:51 IST" name="Test1" finished-at="2022-12-16T10:46:52 IST" duration-ms="1233" status="PASS">
          <reporter-output>
          </reporter-output>
        </test-method> <!-- Test1 -->
        <test-method is-config="true" signature="test1()[pri:0, instance:com.tourism.CreateTourpackageTest@6fdbe764]" started-at="2022-12-16T10:46:52 IST" name="test1" finished-at="2022-12-16T10:46:52 IST" duration-ms="1" status="PASS">
          <reporter-output>
          </reporter-output>
        </test-method> <!-- test1 -->
        <test-method signature="main()[pri:0, instance:com.tourism.CreateTourpackageTest@6fdbe764]" started-at="2022-12-16T10:46:52 IST" name="main" finished-at="2022-12-16T10:47:51 IST" duration-ms="58896" status="PASS">
          <reporter-output>
          </reporter-output>
        </test-method> <!-- main -->
        <test-method is-config="true" signature="methodTearSetup()[pri:0, instance:com.tourism.CreateTourpackageTest@6fdbe764]" started-at="2022-12-16T10:47:51 IST" name="methodTearSetup" finished-at="2022-12-16T10:47:51 IST" duration-ms="0" status="PASS">
          <reporter-output>
          </reporter-output>
        </test-method> <!-- methodTearSetup -->
        <test-method is-config="true" signature="classTearSetup()[pri:0, instance:com.tourism.CreateTourpackageTest@6fdbe764]" started-at="2022-12-16T10:47:51 IST" name="classTearSetup" finished-at="2022-12-16T10:47:51 IST" duration-ms="145" status="PASS">
          <reporter-output>
          </reporter-output>
        </test-method> <!-- classTearSetup -->
      </class> <!-- com.tourism.CreateTourpackageTest -->
    </test> <!-- Test -->
  </suite> <!-- Suite -->
</testng-results>
